<?xml version="1.0" encoding="UTF-8"?>
<!-- Generated by org.testng.reporters.JUnitXMLReporter -->
<testsuite ignored="0" hostname="Admin" failures="0" tests="6" name="Run On Chrome" time="43.484" errors="0" timestamp="25 Jun 2022 00:54:58 GMT">
  <testcase classname="com.nopcommerce.admin.search.TC_01_Admin_Search" name="@BeforeMethod navigateToBrowser" time="4.235">
    <failure type="org.openqa.selenium.StaleElementReferenceException" message="stale element reference: element is not attached to the page document
  (Session info: chrome=102.0.5005.115)
For documentation on this error, please visit: https://www.seleniumhq.org/exceptions/stale_element_reference.html
Build info: version: &amp;apos;3.141.59&amp;apos;, revision: &amp;apos;e82be7d358&amp;apos;, time: &amp;apos;2018-11-14T08:17:03&amp;apos;
System info: host: &amp;apos;ADMIN&amp;apos;, ip: &amp;apos;192.168.1.131&amp;apos;, os.name: &amp;apos;Windows 10&amp;apos;, os.arch: &amp;apos;amd64&amp;apos;, os.version: &amp;apos;10.0&amp;apos;, java.version: &amp;apos;11.0.12&amp;apos;
Driver info: org.openqa.selenium.chrome.ChromeDriver
Capabilities {acceptInsecureCerts: false, browserName: chrome, browserVersion: 102.0.5005.115, chrome: {chromedriverVersion: 102.0.5005.61 (0e59bcc00cc4..., userDataDir: C:\Users\Admin\AppData\Loca...}, goog:chromeOptions: {debuggerAddress: localhost:51346}, javascriptEnabled: true, networkConnectionEnabled: false, pageLoadStrategy: normal, platform: WINDOWS, platformName: WINDOWS, proxy: Proxy(), setWindowRect: true, strictFileInteractability: false, timeouts: {implicit: 0, pageLoad: 300000, script: 30000}, unhandledPromptBehavior: dismiss and notify, webauthn:extension:credBlob: true, webauthn:extension:largeBlob: true, webauthn:virtualAuthenticators: true}
Session ID: 51fecf0487d3cb1e41fc15915d974271">
      <![CDATA[org.openqa.selenium.StaleElementReferenceException: stale element reference: element is not attached to the page document
  (Session info: chrome=102.0.5005.115)
For documentation on this error, please visit: https://www.seleniumhq.org/exceptions/stale_element_reference.html
Build info: version: '3.141.59', revision: 'e82be7d358', time: '2018-11-14T08:17:03'
System info: host: 'ADMIN', ip: '192.168.1.131', os.name: 'Windows 10', os.arch: 'amd64', os.version: '10.0', java.version: '11.0.12'
Driver info: org.openqa.selenium.chrome.ChromeDriver
Capabilities {acceptInsecureCerts: false, browserName: chrome, browserVersion: 102.0.5005.115, chrome: {chromedriverVersion: 102.0.5005.61 (0e59bcc00cc4..., userDataDir: C:\Users\Admin\AppData\Loca...}, goog:chromeOptions: {debuggerAddress: localhost:51346}, javascriptEnabled: true, networkConnectionEnabled: false, pageLoadStrategy: normal, platform: WINDOWS, platformName: WINDOWS, proxy: Proxy(), setWindowRect: true, strictFileInteractability: false, timeouts: {implicit: 0, pageLoad: 300000, script: 30000}, unhandledPromptBehavior: dismiss and notify, webauthn:extension:credBlob: true, webauthn:extension:largeBlob: true, webauthn:virtualAuthenticators: true}
Session ID: 51fecf0487d3cb1e41fc15915d974271
at org.openqa.selenium.remote.http.W3CHttpResponseCodec.createException(W3CHttpResponseCodec.java:187)
at org.openqa.selenium.remote.http.W3CHttpResponseCodec.decode(W3CHttpResponseCodec.java:122)
at org.openqa.selenium.remote.http.W3CHttpResponseCodec.decode(W3CHttpResponseCodec.java:49)
at org.openqa.selenium.remote.HttpCommandExecutor.execute(HttpCommandExecutor.java:158)
at org.openqa.selenium.remote.service.DriverCommandExecutor.execute(DriverCommandExecutor.java:83)
at org.openqa.selenium.remote.RemoteWebDriver.execute(RemoteWebDriver.java:552)
at org.openqa.selenium.remote.RemoteWebElement.execute(RemoteWebElement.java:285)
at org.openqa.selenium.remote.RemoteWebElement.click(RemoteWebElement.java:84)
at commons.BasePage.clickToElement(BasePage.java:187)
at commons.BasePage.clickOnNavLinkOnAdmin(BasePage.java:1095)
at com.nopcommerce.admin.search.TC_01_Admin_Search.navigateToBrowser(TC_01_Admin_Search.java:54)
at java.base/java.util.concurrent.ThreadPoolExecutor.runWorker(ThreadPoolExecutor.java:1128)
at java.base/java.util.concurrent.ThreadPoolExecutor$Worker.run(ThreadPoolExecutor.java:628)
at java.base/java.lang.Thread.run(Thread.java:834)
... Removed 17 stack frames]]>
    </failure>
  </testcase> <!-- @BeforeMethod navigateToBrowser -->
  <testcase classname="com.nopcommerce.admin.search.TC_01_Admin_Search" name="@BeforeMethod navigateToBrowser" time="0.0">
    <skipped/>
  </testcase> <!-- @BeforeMethod navigateToBrowser -->
  <testcase classname="com.nopcommerce.admin.search.TC_01_Admin_Search" name="@BeforeMethod navigateToBrowser" time="0.0">
    <skipped/>
  </testcase> <!-- @BeforeMethod navigateToBrowser -->
  <testcase classname="com.nopcommerce.admin.search.TC_01_Admin_Search" name="@BeforeMethod navigateToBrowser" time="0.0">
    <skipped/>
  </testcase> <!-- @BeforeMethod navigateToBrowser -->
  <testcase classname="com.nopcommerce.admin.search.TC_01_Admin_Search" name="@BeforeMethod navigateToBrowser" time="0.0">
    <skipped/>
  </testcase> <!-- @BeforeMethod navigateToBrowser -->
  <testcase classname="com.nopcommerce.admin.search.TC_01_Admin_Search" name="@AfterClass afterClass" time="0.0">
    <skipped/>
  </testcase> <!-- @AfterClass afterClass -->
  <testcase classname="com.nopcommerce.admin.search.TC_01_Admin_Search" name="TC02_Search_With_Product_Name_Category_Search" time="0.0">
    <skipped/>
  </testcase> <!-- TC02_Search_With_Product_Name_Category_Search -->
  <testcase classname="com.nopcommerce.admin.search.TC_01_Admin_Search" name="TC03_Search_With_Product_Name_Category_Search" time="0.0">
    <skipped/>
  </testcase> <!-- TC03_Search_With_Product_Name_Category_Search -->
  <testcase classname="com.nopcommerce.admin.search.TC_01_Admin_Search" name="TC04_Search_With_Product_Name_Category_Search" time="0.0">
    <skipped/>
  </testcase> <!-- TC04_Search_With_Product_Name_Category_Search -->
  <testcase classname="com.nopcommerce.admin.search.TC_01_Admin_Search" name="TC05_Search_With_Product_Name_Manufacturer" time="0.0">
    <skipped/>
  </testcase> <!-- TC05_Search_With_Product_Name_Manufacturer -->
  <testcase classname="com.nopcommerce.admin.search.TC_01_Admin_Search" name="TC06_Search_With_Product_SKU_NAME" time="0.0">
    <skipped/>
  </testcase> <!-- TC06_Search_With_Product_SKU_NAME -->
  <testcase classname="com.nopcommerce.admin.search.TC_01_Admin_Search" name="TC01_Search_With_Product_Name" time="3.936"/>
</testsuite> <!-- Run On Chrome -->
