<!DOCTYPE html PUBLIC "-//W3C//DTD XHTML 1.1//EN" "http://www.w3.org/TR/xhtml11/DTD/xhtml11.dtd">
<html xmlns="http://www.w3.org/1999/xhtml">
<head>
<meta http-equiv="content-type" content="text/html; charset=UTF-8"/>
<title>TestNG Report</title>
<style type="text/css">table {margin-bottom:10px;border-collapse:collapse;empty-cells:show}th,td {border:1px solid #009;padding:.25em .5em}th {vertical-align:bottom}td {vertical-align:top}table a {font-weight:bold}.stripe td {background-color: #E6EBF9}.num {text-align:right}.passedodd td {background-color: #3F3}.passedeven td {background-color: #0A0}.skippedodd td {background-color: #DDD}.skippedeven td {background-color: #CCC}.failedodd td,.attn {background-color: #F33}.failedeven td,.stripe .attn {background-color: #D00}.stacktrace {white-space:pre;font-family:monospace}.totop {font-size:85%;text-align:center;border-bottom:2px solid #000}.invisible {display:none}</style>
</head>
<body>
<table>
<tr><th>Test</th><th># Passed</th><th># Skipped</th><th># Failed</th><th>Time (ms)</th><th>Included Groups</th><th>Excluded Groups</th></tr>
<tr><th colspan="7">Nopcommerce</th></tr>
<tr><td><a href="#t0">Run On Chrome</a></td><td class="num">1</td><td class="num attn">5</td><td class="num">0</td><td class="num">43,484</td><td></td><td></td></tr>
<tr class="stripe"><td><a href="#t1">Run On Firefox</a></td><td class="num">0</td><td class="num attn">6</td><td class="num">0</td><td class="num">476</td><td></td><td></td></tr>
<tr><th>Total</th><th class="num">1</th><th class="num attn">11</th><th class="num">0</th><th class="num">43,960</th><th colspan="2"></th></tr>
</table>
<table id='summary'><thead><tr><th>Class</th><th>Method</th><th>Start</th><th>Time (ms)</th></tr></thead><tbody><tr><th colspan="4">Nopcommerce</th></tr></tbody><tbody id="t0"><tr><th colspan="4">Run On Chrome &#8212; failed (configuration methods)</th></tr><tr class="failedeven"><td rowspan="1">com.nopcommerce.admin.search.TC_01_Admin_Search</td><td><a href="#m0">navigateToBrowser</a></td><td rowspan="1">1656118490700</td><td rowspan="1">4235</td></tr><tr><th colspan="4">Run On Chrome &#8212; skipped (configuration methods)</th></tr><tr class="skippedeven"><td rowspan="5">com.nopcommerce.admin.search.TC_01_Admin_Search</td><td><a href="#m1">afterClass</a></td><td rowspan="1">1656118498515</td><td rowspan="1">0</td></tr><tr class="skippedeven"><td><a href="#m2">navigateToBrowser</a></td><td rowspan="4">1656118495176</td><td rowspan="4">0</td></tr><tr class="skippedeven"><td><a href="#m3">navigateToBrowser</a></td></tr><tr class="skippedeven"><td><a href="#m4">navigateToBrowser</a></td></tr><tr class="skippedeven"><td><a href="#m5">navigateToBrowser</a></td></tr><tr><th colspan="4">Run On Chrome &#8212; skipped</th></tr><tr class="skippedeven"><td rowspan="5">com.nopcommerce.admin.search.TC_01_Admin_Search</td><td><a href="#m6">TC02_Search_With_Product_Name_Category_Search</a></td><td rowspan="1">1656118495077</td><td rowspan="1">0</td></tr><tr class="skippedeven"><td><a href="#m7">TC03_Search_With_Product_Name_Category_Search</a></td><td rowspan="1">1656118495178</td><td rowspan="1">0</td></tr><tr class="skippedeven"><td><a href="#m8">TC04_Search_With_Product_Name_Category_Search</a></td><td rowspan="1">1656118495212</td><td rowspan="1">0</td></tr><tr class="skippedeven"><td><a href="#m9">TC05_Search_With_Product_Name_Manufacturer</a></td><td rowspan="1">1656118495260</td><td rowspan="1">0</td></tr><tr class="skippedeven"><td><a href="#m10">TC06_Search_With_Product_SKU_NAME</a></td><td rowspan="1">1656118495281</td><td rowspan="1">0</td></tr><tr><th colspan="4">Run On Chrome &#8212; passed</th></tr><tr class="passedeven"><td rowspan="1">com.nopcommerce.admin.search.TC_01_Admin_Search</td><td><a href="#m11">TC01_Search_With_Product_Name</a></td><td rowspan="1">1656118494553</td><td rowspan="1">3936</td></tr></tbody>
<tbody id="t1"><tr><th colspan="4">Run On Firefox &#8212; failed (configuration methods)</th></tr><tr class="failedeven"><td rowspan="1">com.nopcommerce.admin.search.TC_01_Admin_Search</td><td><a href="#m12">beforeClass</a></td><td rowspan="1">1656118498615</td><td rowspan="1">2</td></tr><tr><th colspan="4">Run On Firefox &#8212; skipped (configuration methods)</th></tr><tr class="skippedeven"><td rowspan="7">com.nopcommerce.admin.search.TC_01_Admin_Search</td><td><a href="#m13">afterClass</a></td><td rowspan="1">1656118499074</td><td rowspan="1">0</td></tr><tr class="skippedeven"><td><a href="#m14">navigateToBrowser</a></td><td rowspan="6">1656118498659</td><td rowspan="6">0</td></tr><tr class="skippedeven"><td><a href="#m15">navigateToBrowser</a></td></tr><tr class="skippedeven"><td><a href="#m16">navigateToBrowser</a></td></tr><tr class="skippedeven"><td><a href="#m17">navigateToBrowser</a></td></tr><tr class="skippedeven"><td><a href="#m18">navigateToBrowser</a></td></tr><tr class="skippedeven"><td><a href="#m19">navigateToBrowser</a></td></tr><tr><th colspan="4">Run On Firefox &#8212; skipped</th></tr><tr class="skippedeven"><td rowspan="6">com.nopcommerce.admin.search.TC_01_Admin_Search</td><td><a href="#m20">TC01_Search_With_Product_Name</a></td><td rowspan="1">1656118498651</td><td rowspan="1">0</td></tr><tr class="skippedeven"><td><a href="#m21">TC02_Search_With_Product_Name_Category_Search</a></td><td rowspan="1">1656118498694</td><td rowspan="1">0</td></tr><tr class="skippedeven"><td><a href="#m22">TC03_Search_With_Product_Name_Category_Search</a></td><td rowspan="1">1656118498665</td><td rowspan="1">0</td></tr><tr class="skippedeven"><td><a href="#m23">TC04_Search_With_Product_Name_Category_Search</a></td><td rowspan="1">1656118498717</td><td rowspan="1">0</td></tr><tr class="skippedeven"><td><a href="#m24">TC05_Search_With_Product_Name_Manufacturer</a></td><td rowspan="1">1656118498767</td><td rowspan="1">0</td></tr><tr class="skippedeven"><td><a href="#m25">TC06_Search_With_Product_SKU_NAME</a></td><td rowspan="1">1656118499016</td><td rowspan="1">0</td></tr></tbody>
</table>
<h2>Run On Chrome</h2><h3 id="m0">com.nopcommerce.admin.search.TC_01_Admin_Search#navigateToBrowser</h3><table class="result"><tr><th>Messages</th></tr><tr><td><div class="messages">[INFO ] [2022-06-25 07:54:50,702] Click on Catalog>Products
<br></div></td></tr><tr><th>Exception</th></tr><tr><td><div class="stacktrace">org.openqa.selenium.StaleElementReferenceException: stale element reference: element is not attached to the page document
  (Session info: chrome=102.0.5005.115)
For documentation on this error, please visit: https://www.seleniumhq.org/exceptions/stale_element_reference.html
Build info: version: &apos;3.141.59&apos;, revision: &apos;e82be7d358&apos;, time: &apos;2018-11-14T08:17:03&apos;
System info: host: &apos;ADMIN&apos;, ip: &apos;192.168.1.131&apos;, os.name: &apos;Windows 10&apos;, os.arch: &apos;amd64&apos;, os.version: &apos;10.0&apos;, java.version: &apos;11.0.12&apos;
Driver info: org.openqa.selenium.chrome.ChromeDriver
Capabilities {acceptInsecureCerts: false, browserName: chrome, browserVersion: 102.0.5005.115, chrome: {chromedriverVersion: 102.0.5005.61 (0e59bcc00cc4..., userDataDir: C:\Users\Admin\AppData\Loca...}, goog:chromeOptions: {debuggerAddress: localhost:51346}, javascriptEnabled: true, networkConnectionEnabled: false, pageLoadStrategy: normal, platform: WINDOWS, platformName: WINDOWS, proxy: Proxy(), setWindowRect: true, strictFileInteractability: false, timeouts: {implicit: 0, pageLoad: 300000, script: 30000}, unhandledPromptBehavior: dismiss and notify, webauthn:extension:credBlob: true, webauthn:extension:largeBlob: true, webauthn:virtualAuthenticators: true}
Session ID: 51fecf0487d3cb1e41fc15915d974271
	at org.openqa.selenium.remote.http.W3CHttpResponseCodec.createException(W3CHttpResponseCodec.java:187)
	at org.openqa.selenium.remote.http.W3CHttpResponseCodec.decode(W3CHttpResponseCodec.java:122)
	at org.openqa.selenium.remote.http.W3CHttpResponseCodec.decode(W3CHttpResponseCodec.java:49)
	at org.openqa.selenium.remote.HttpCommandExecutor.execute(HttpCommandExecutor.java:158)
	at org.openqa.selenium.remote.service.DriverCommandExecutor.execute(DriverCommandExecutor.java:83)
	at org.openqa.selenium.remote.RemoteWebDriver.execute(RemoteWebDriver.java:552)
	at org.openqa.selenium.remote.RemoteWebElement.execute(RemoteWebElement.java:285)
	at org.openqa.selenium.remote.RemoteWebElement.click(RemoteWebElement.java:84)
	at commons.BasePage.clickToElement(BasePage.java:187)
	at commons.BasePage.clickOnNavLinkOnAdmin(BasePage.java:1095)
	at com.nopcommerce.admin.search.TC_01_Admin_Search.navigateToBrowser(TC_01_Admin_Search.java:54)
	at java.base/java.util.concurrent.ThreadPoolExecutor.runWorker(ThreadPoolExecutor.java:1128)
	at java.base/java.util.concurrent.ThreadPoolExecutor$Worker.run(ThreadPoolExecutor.java:628)
	at java.base/java.lang.Thread.run(Thread.java:834)
... Removed 17 stack frames</div></td></tr></table><p class="totop"><a href="#summary">back to summary</a></p>
<h3 id="m1">com.nopcommerce.admin.search.TC_01_Admin_Search#afterClass</h3><table class="result"><tr><th class="invisible"/></tr></table><p class="totop"><a href="#summary">back to summary</a></p>
<h3 id="m2">com.nopcommerce.admin.search.TC_01_Admin_Search#navigateToBrowser</h3><table class="result"><tr><th class="invisible"/></tr></table><p class="totop"><a href="#summary">back to summary</a></p>
<h3 id="m3">com.nopcommerce.admin.search.TC_01_Admin_Search#navigateToBrowser</h3><table class="result"><tr><th class="invisible"/></tr></table><p class="totop"><a href="#summary">back to summary</a></p>
<h3 id="m4">com.nopcommerce.admin.search.TC_01_Admin_Search#navigateToBrowser</h3><table class="result"><tr><th class="invisible"/></tr></table><p class="totop"><a href="#summary">back to summary</a></p>
<h3 id="m5">com.nopcommerce.admin.search.TC_01_Admin_Search#navigateToBrowser</h3><table class="result"><tr><th class="invisible"/></tr></table><p class="totop"><a href="#summary">back to summary</a></p>
<h3 id="m6">com.nopcommerce.admin.search.TC_01_Admin_Search#TC02_Search_With_Product_Name_Category_Search</h3><table class="result"><tr><th>Exception</th></tr><tr><td><div class="stacktrace">org.openqa.selenium.StaleElementReferenceException: stale element reference: element is not attached to the page document
  (Session info: chrome=102.0.5005.115)
For documentation on this error, please visit: https://www.seleniumhq.org/exceptions/stale_element_reference.html
Build info: version: &apos;3.141.59&apos;, revision: &apos;e82be7d358&apos;, time: &apos;2018-11-14T08:17:03&apos;
System info: host: &apos;ADMIN&apos;, ip: &apos;192.168.1.131&apos;, os.name: &apos;Windows 10&apos;, os.arch: &apos;amd64&apos;, os.version: &apos;10.0&apos;, java.version: &apos;11.0.12&apos;
Driver info: org.openqa.selenium.chrome.ChromeDriver
Capabilities {acceptInsecureCerts: false, browserName: chrome, browserVersion: 102.0.5005.115, chrome: {chromedriverVersion: 102.0.5005.61 (0e59bcc00cc4..., userDataDir: C:\Users\Admin\AppData\Loca...}, goog:chromeOptions: {debuggerAddress: localhost:51346}, javascriptEnabled: true, networkConnectionEnabled: false, pageLoadStrategy: normal, platform: WINDOWS, platformName: WINDOWS, proxy: Proxy(), setWindowRect: true, strictFileInteractability: false, timeouts: {implicit: 0, pageLoad: 300000, script: 30000}, unhandledPromptBehavior: dismiss and notify, webauthn:extension:credBlob: true, webauthn:extension:largeBlob: true, webauthn:virtualAuthenticators: true}
Session ID: 51fecf0487d3cb1e41fc15915d974271
	at org.openqa.selenium.remote.http.W3CHttpResponseCodec.createException(W3CHttpResponseCodec.java:187)
	at org.openqa.selenium.remote.http.W3CHttpResponseCodec.decode(W3CHttpResponseCodec.java:122)
	at org.openqa.selenium.remote.http.W3CHttpResponseCodec.decode(W3CHttpResponseCodec.java:49)
	at org.openqa.selenium.remote.HttpCommandExecutor.execute(HttpCommandExecutor.java:158)
	at org.openqa.selenium.remote.service.DriverCommandExecutor.execute(DriverCommandExecutor.java:83)
	at org.openqa.selenium.remote.RemoteWebDriver.execute(RemoteWebDriver.java:552)
	at org.openqa.selenium.remote.RemoteWebElement.execute(RemoteWebElement.java:285)
	at org.openqa.selenium.remote.RemoteWebElement.click(RemoteWebElement.java:84)
	at commons.BasePage.clickToElement(BasePage.java:187)
	at commons.BasePage.clickOnNavLinkOnAdmin(BasePage.java:1095)
	at com.nopcommerce.admin.search.TC_01_Admin_Search.navigateToBrowser(TC_01_Admin_Search.java:54)
	at java.base/java.util.concurrent.ThreadPoolExecutor.runWorker(ThreadPoolExecutor.java:1128)
	at java.base/java.util.concurrent.ThreadPoolExecutor$Worker.run(ThreadPoolExecutor.java:628)
	at java.base/java.lang.Thread.run(Thread.java:834)
... Removed 17 stack frames</div></td></tr></table><p class="totop"><a href="#summary">back to summary</a></p>
<h3 id="m7">com.nopcommerce.admin.search.TC_01_Admin_Search#TC03_Search_With_Product_Name_Category_Search</h3><table class="result"><tr><th>Exception</th></tr><tr><td><div class="stacktrace">org.openqa.selenium.StaleElementReferenceException: stale element reference: element is not attached to the page document
  (Session info: chrome=102.0.5005.115)
For documentation on this error, please visit: https://www.seleniumhq.org/exceptions/stale_element_reference.html
Build info: version: &apos;3.141.59&apos;, revision: &apos;e82be7d358&apos;, time: &apos;2018-11-14T08:17:03&apos;
System info: host: &apos;ADMIN&apos;, ip: &apos;192.168.1.131&apos;, os.name: &apos;Windows 10&apos;, os.arch: &apos;amd64&apos;, os.version: &apos;10.0&apos;, java.version: &apos;11.0.12&apos;
Driver info: org.openqa.selenium.chrome.ChromeDriver
Capabilities {acceptInsecureCerts: false, browserName: chrome, browserVersion: 102.0.5005.115, chrome: {chromedriverVersion: 102.0.5005.61 (0e59bcc00cc4..., userDataDir: C:\Users\Admin\AppData\Loca...}, goog:chromeOptions: {debuggerAddress: localhost:51346}, javascriptEnabled: true, networkConnectionEnabled: false, pageLoadStrategy: normal, platform: WINDOWS, platformName: WINDOWS, proxy: Proxy(), setWindowRect: true, strictFileInteractability: false, timeouts: {implicit: 0, pageLoad: 300000, script: 30000}, unhandledPromptBehavior: dismiss and notify, webauthn:extension:credBlob: true, webauthn:extension:largeBlob: true, webauthn:virtualAuthenticators: true}
Session ID: 51fecf0487d3cb1e41fc15915d974271
	at org.openqa.selenium.remote.http.W3CHttpResponseCodec.createException(W3CHttpResponseCodec.java:187)
	at org.openqa.selenium.remote.http.W3CHttpResponseCodec.decode(W3CHttpResponseCodec.java:122)
	at org.openqa.selenium.remote.http.W3CHttpResponseCodec.decode(W3CHttpResponseCodec.java:49)
	at org.openqa.selenium.remote.HttpCommandExecutor.execute(HttpCommandExecutor.java:158)
	at org.openqa.selenium.remote.service.DriverCommandExecutor.execute(DriverCommandExecutor.java:83)
	at org.openqa.selenium.remote.RemoteWebDriver.execute(RemoteWebDriver.java:552)
	at org.openqa.selenium.remote.RemoteWebElement.execute(RemoteWebElement.java:285)
	at org.openqa.selenium.remote.RemoteWebElement.click(RemoteWebElement.java:84)
	at commons.BasePage.clickToElement(BasePage.java:187)
	at commons.BasePage.clickOnNavLinkOnAdmin(BasePage.java:1095)
	at com.nopcommerce.admin.search.TC_01_Admin_Search.navigateToBrowser(TC_01_Admin_Search.java:54)
	at java.base/java.util.concurrent.ThreadPoolExecutor.runWorker(ThreadPoolExecutor.java:1128)
	at java.base/java.util.concurrent.ThreadPoolExecutor$Worker.run(ThreadPoolExecutor.java:628)
	at java.base/java.lang.Thread.run(Thread.java:834)
... Removed 17 stack frames</div></td></tr></table><p class="totop"><a href="#summary">back to summary</a></p>
<h3 id="m8">com.nopcommerce.admin.search.TC_01_Admin_Search#TC04_Search_With_Product_Name_Category_Search</h3><table class="result"><tr><th>Exception</th></tr><tr><td><div class="stacktrace">org.openqa.selenium.StaleElementReferenceException: stale element reference: element is not attached to the page document
  (Session info: chrome=102.0.5005.115)
For documentation on this error, please visit: https://www.seleniumhq.org/exceptions/stale_element_reference.html
Build info: version: &apos;3.141.59&apos;, revision: &apos;e82be7d358&apos;, time: &apos;2018-11-14T08:17:03&apos;
System info: host: &apos;ADMIN&apos;, ip: &apos;192.168.1.131&apos;, os.name: &apos;Windows 10&apos;, os.arch: &apos;amd64&apos;, os.version: &apos;10.0&apos;, java.version: &apos;11.0.12&apos;
Driver info: org.openqa.selenium.chrome.ChromeDriver
Capabilities {acceptInsecureCerts: false, browserName: chrome, browserVersion: 102.0.5005.115, chrome: {chromedriverVersion: 102.0.5005.61 (0e59bcc00cc4..., userDataDir: C:\Users\Admin\AppData\Loca...}, goog:chromeOptions: {debuggerAddress: localhost:51346}, javascriptEnabled: true, networkConnectionEnabled: false, pageLoadStrategy: normal, platform: WINDOWS, platformName: WINDOWS, proxy: Proxy(), setWindowRect: true, strictFileInteractability: false, timeouts: {implicit: 0, pageLoad: 300000, script: 30000}, unhandledPromptBehavior: dismiss and notify, webauthn:extension:credBlob: true, webauthn:extension:largeBlob: true, webauthn:virtualAuthenticators: true}
Session ID: 51fecf0487d3cb1e41fc15915d974271
	at org.openqa.selenium.remote.http.W3CHttpResponseCodec.createException(W3CHttpResponseCodec.java:187)
	at org.openqa.selenium.remote.http.W3CHttpResponseCodec.decode(W3CHttpResponseCodec.java:122)
	at org.openqa.selenium.remote.http.W3CHttpResponseCodec.decode(W3CHttpResponseCodec.java:49)
	at org.openqa.selenium.remote.HttpCommandExecutor.execute(HttpCommandExecutor.java:158)
	at org.openqa.selenium.remote.service.DriverCommandExecutor.execute(DriverCommandExecutor.java:83)
	at org.openqa.selenium.remote.RemoteWebDriver.execute(RemoteWebDriver.java:552)
	at org.openqa.selenium.remote.RemoteWebElement.execute(RemoteWebElement.java:285)
	at org.openqa.selenium.remote.RemoteWebElement.click(RemoteWebElement.java:84)
	at commons.BasePage.clickToElement(BasePage.java:187)
	at commons.BasePage.clickOnNavLinkOnAdmin(BasePage.java:1095)
	at com.nopcommerce.admin.search.TC_01_Admin_Search.navigateToBrowser(TC_01_Admin_Search.java:54)
	at java.base/java.util.concurrent.ThreadPoolExecutor.runWorker(ThreadPoolExecutor.java:1128)
	at java.base/java.util.concurrent.ThreadPoolExecutor$Worker.run(ThreadPoolExecutor.java:628)
	at java.base/java.lang.Thread.run(Thread.java:834)
... Removed 17 stack frames</div></td></tr></table><p class="totop"><a href="#summary">back to summary</a></p>
<h3 id="m9">com.nopcommerce.admin.search.TC_01_Admin_Search#TC05_Search_With_Product_Name_Manufacturer</h3><table class="result"><tr><th>Exception</th></tr><tr><td><div class="stacktrace">org.openqa.selenium.StaleElementReferenceException: stale element reference: element is not attached to the page document
  (Session info: chrome=102.0.5005.115)
For documentation on this error, please visit: https://www.seleniumhq.org/exceptions/stale_element_reference.html
Build info: version: &apos;3.141.59&apos;, revision: &apos;e82be7d358&apos;, time: &apos;2018-11-14T08:17:03&apos;
System info: host: &apos;ADMIN&apos;, ip: &apos;192.168.1.131&apos;, os.name: &apos;Windows 10&apos;, os.arch: &apos;amd64&apos;, os.version: &apos;10.0&apos;, java.version: &apos;11.0.12&apos;
Driver info: org.openqa.selenium.chrome.ChromeDriver
Capabilities {acceptInsecureCerts: false, browserName: chrome, browserVersion: 102.0.5005.115, chrome: {chromedriverVersion: 102.0.5005.61 (0e59bcc00cc4..., userDataDir: C:\Users\Admin\AppData\Loca...}, goog:chromeOptions: {debuggerAddress: localhost:51346}, javascriptEnabled: true, networkConnectionEnabled: false, pageLoadStrategy: normal, platform: WINDOWS, platformName: WINDOWS, proxy: Proxy(), setWindowRect: true, strictFileInteractability: false, timeouts: {implicit: 0, pageLoad: 300000, script: 30000}, unhandledPromptBehavior: dismiss and notify, webauthn:extension:credBlob: true, webauthn:extension:largeBlob: true, webauthn:virtualAuthenticators: true}
Session ID: 51fecf0487d3cb1e41fc15915d974271
	at org.openqa.selenium.remote.http.W3CHttpResponseCodec.createException(W3CHttpResponseCodec.java:187)
	at org.openqa.selenium.remote.http.W3CHttpResponseCodec.decode(W3CHttpResponseCodec.java:122)
	at org.openqa.selenium.remote.http.W3CHttpResponseCodec.decode(W3CHttpResponseCodec.java:49)
	at org.openqa.selenium.remote.HttpCommandExecutor.execute(HttpCommandExecutor.java:158)
	at org.openqa.selenium.remote.service.DriverCommandExecutor.execute(DriverCommandExecutor.java:83)
	at org.openqa.selenium.remote.RemoteWebDriver.execute(RemoteWebDriver.java:552)
	at org.openqa.selenium.remote.RemoteWebElement.execute(RemoteWebElement.java:285)
	at org.openqa.selenium.remote.RemoteWebElement.click(RemoteWebElement.java:84)
	at commons.BasePage.clickToElement(BasePage.java:187)
	at commons.BasePage.clickOnNavLinkOnAdmin(BasePage.java:1095)
	at com.nopcommerce.admin.search.TC_01_Admin_Search.navigateToBrowser(TC_01_Admin_Search.java:54)
	at java.base/java.util.concurrent.ThreadPoolExecutor.runWorker(ThreadPoolExecutor.java:1128)
	at java.base/java.util.concurrent.ThreadPoolExecutor$Worker.run(ThreadPoolExecutor.java:628)
	at java.base/java.lang.Thread.run(Thread.java:834)
... Removed 17 stack frames</div></td></tr></table><p class="totop"><a href="#summary">back to summary</a></p>
<h3 id="m10">com.nopcommerce.admin.search.TC_01_Admin_Search#TC06_Search_With_Product_SKU_NAME</h3><table class="result"><tr><th>Exception</th></tr><tr><td><div class="stacktrace">org.openqa.selenium.StaleElementReferenceException: stale element reference: element is not attached to the page document
  (Session info: chrome=102.0.5005.115)
For documentation on this error, please visit: https://www.seleniumhq.org/exceptions/stale_element_reference.html
Build info: version: &apos;3.141.59&apos;, revision: &apos;e82be7d358&apos;, time: &apos;2018-11-14T08:17:03&apos;
System info: host: &apos;ADMIN&apos;, ip: &apos;192.168.1.131&apos;, os.name: &apos;Windows 10&apos;, os.arch: &apos;amd64&apos;, os.version: &apos;10.0&apos;, java.version: &apos;11.0.12&apos;
Driver info: org.openqa.selenium.chrome.ChromeDriver
Capabilities {acceptInsecureCerts: false, browserName: chrome, browserVersion: 102.0.5005.115, chrome: {chromedriverVersion: 102.0.5005.61 (0e59bcc00cc4..., userDataDir: C:\Users\Admin\AppData\Loca...}, goog:chromeOptions: {debuggerAddress: localhost:51346}, javascriptEnabled: true, networkConnectionEnabled: false, pageLoadStrategy: normal, platform: WINDOWS, platformName: WINDOWS, proxy: Proxy(), setWindowRect: true, strictFileInteractability: false, timeouts: {implicit: 0, pageLoad: 300000, script: 30000}, unhandledPromptBehavior: dismiss and notify, webauthn:extension:credBlob: true, webauthn:extension:largeBlob: true, webauthn:virtualAuthenticators: true}
Session ID: 51fecf0487d3cb1e41fc15915d974271
	at org.openqa.selenium.remote.http.W3CHttpResponseCodec.createException(W3CHttpResponseCodec.java:187)
	at org.openqa.selenium.remote.http.W3CHttpResponseCodec.decode(W3CHttpResponseCodec.java:122)
	at org.openqa.selenium.remote.http.W3CHttpResponseCodec.decode(W3CHttpResponseCodec.java:49)
	at org.openqa.selenium.remote.HttpCommandExecutor.execute(HttpCommandExecutor.java:158)
	at org.openqa.selenium.remote.service.DriverCommandExecutor.execute(DriverCommandExecutor.java:83)
	at org.openqa.selenium.remote.RemoteWebDriver.execute(RemoteWebDriver.java:552)
	at org.openqa.selenium.remote.RemoteWebElement.execute(RemoteWebElement.java:285)
	at org.openqa.selenium.remote.RemoteWebElement.click(RemoteWebElement.java:84)
	at commons.BasePage.clickToElement(BasePage.java:187)
	at commons.BasePage.clickOnNavLinkOnAdmin(BasePage.java:1095)
	at com.nopcommerce.admin.search.TC_01_Admin_Search.navigateToBrowser(TC_01_Admin_Search.java:54)
	at java.base/java.util.concurrent.ThreadPoolExecutor.runWorker(ThreadPoolExecutor.java:1128)
	at java.base/java.util.concurrent.ThreadPoolExecutor$Worker.run(ThreadPoolExecutor.java:628)
	at java.base/java.lang.Thread.run(Thread.java:834)
... Removed 17 stack frames</div></td></tr></table><p class="totop"><a href="#summary">back to summary</a></p>
<h3 id="m11">com.nopcommerce.admin.search.TC_01_Admin_Search#TC01_Search_With_Product_Name</h3><table class="result"><tr><th>Messages</th></tr><tr><td><div class="messages">[INFO ] [2022-06-25 07:54:54,879] Enter value to product name
<br><br/>[INFO ] [2022-06-25 07:54:57,273] Click on Search button
<br><br/>[INFO ] [2022-06-25 07:54:58,217] Verify product name display correct
<br><br/>[INFO ] [2022-06-25 07:54:58,402]  -------------------------- PASSED -------------------------- 
<br><br/>[INFO ] [2022-06-25 07:54:58,402] Verify only one item display
<br><br/>[INFO ] [2022-06-25 07:54:58,485]  -------------------------- PASSED -------------------------- 
<br></div></td></tr></table><p class="totop"><a href="#summary">back to summary</a></p>
<h2>Run On Firefox</h2><h3 id="m12">com.nopcommerce.admin.search.TC_01_Admin_Search#beforeClass</h3><table class="result"><tr class="param"><th>Parameter #1</th><th>Parameter #2</th><th>Parameter #3</th><th>Parameter #4</th><th>Parameter #5</th><th>Parameter #6</th><th>Parameter #7</th><th>Parameter #8</th></tr><tr class="param stripe"><td>DEV</td><td>local</td><td>firefox_ui</td><td>89.0.1</td><td>192.168.1.1</td><td>1234</td><td>Window</td><td>11</td></tr><tr><th colspan="8">Exception</th></tr><tr><td colspan="8"><div class="stacktrace">java.lang.IllegalArgumentException: No enum constant commons.BrowserList.FIREFOX_UI
	at java.base/java.lang.Enum.valueOf(Enum.java:240)
	at commons.BrowserList.valueOf(BrowserList.java:1)
	at factoryEnvironment.LocalFactory.createDriver(LocalFactory.java:24)
	at commons.BaseTest2.getBrowserDriver(BaseTest2.java:57)
	at com.nopcommerce.admin.search.TC_01_Admin_Search.beforeClass(TC_01_Admin_Search.java:37)
	at java.base/java.util.concurrent.ThreadPoolExecutor.runWorker(ThreadPoolExecutor.java:1128)
	at java.base/java.util.concurrent.ThreadPoolExecutor$Worker.run(ThreadPoolExecutor.java:628)
	at java.base/java.lang.Thread.run(Thread.java:834)
... Removed 11 stack frames</div></td></tr></table><p class="totop"><a href="#summary">back to summary</a></p>
<h3 id="m13">com.nopcommerce.admin.search.TC_01_Admin_Search#afterClass</h3><table class="result"><tr><th class="invisible"/></tr></table><p class="totop"><a href="#summary">back to summary</a></p>
<h3 id="m14">com.nopcommerce.admin.search.TC_01_Admin_Search#navigateToBrowser</h3><table class="result"><tr><th class="invisible"/></tr></table><p class="totop"><a href="#summary">back to summary</a></p>
<h3 id="m15">com.nopcommerce.admin.search.TC_01_Admin_Search#navigateToBrowser</h3><table class="result"><tr><th class="invisible"/></tr></table><p class="totop"><a href="#summary">back to summary</a></p>
<h3 id="m16">com.nopcommerce.admin.search.TC_01_Admin_Search#navigateToBrowser</h3><table class="result"><tr><th class="invisible"/></tr></table><p class="totop"><a href="#summary">back to summary</a></p>
<h3 id="m17">com.nopcommerce.admin.search.TC_01_Admin_Search#navigateToBrowser</h3><table class="result"><tr><th class="invisible"/></tr></table><p class="totop"><a href="#summary">back to summary</a></p>
<h3 id="m18">com.nopcommerce.admin.search.TC_01_Admin_Search#navigateToBrowser</h3><table class="result"><tr><th class="invisible"/></tr></table><p class="totop"><a href="#summary">back to summary</a></p>
<h3 id="m19">com.nopcommerce.admin.search.TC_01_Admin_Search#navigateToBrowser</h3><table class="result"><tr><th class="invisible"/></tr></table><p class="totop"><a href="#summary">back to summary</a></p>
<h3 id="m20">com.nopcommerce.admin.search.TC_01_Admin_Search#TC01_Search_With_Product_Name</h3><table class="result"><tr><th>Exception</th></tr><tr><td><div class="stacktrace">java.lang.IllegalArgumentException: No enum constant commons.BrowserList.FIREFOX_UI
	at java.base/java.lang.Enum.valueOf(Enum.java:240)
	at commons.BrowserList.valueOf(BrowserList.java:1)
	at factoryEnvironment.LocalFactory.createDriver(LocalFactory.java:24)
	at commons.BaseTest2.getBrowserDriver(BaseTest2.java:57)
	at com.nopcommerce.admin.search.TC_01_Admin_Search.beforeClass(TC_01_Admin_Search.java:37)
	at java.base/java.util.concurrent.ThreadPoolExecutor.runWorker(ThreadPoolExecutor.java:1128)
	at java.base/java.util.concurrent.ThreadPoolExecutor$Worker.run(ThreadPoolExecutor.java:628)
	at java.base/java.lang.Thread.run(Thread.java:834)
... Removed 11 stack frames</div></td></tr></table><p class="totop"><a href="#summary">back to summary</a></p>
<h3 id="m21">com.nopcommerce.admin.search.TC_01_Admin_Search#TC02_Search_With_Product_Name_Category_Search</h3><table class="result"><tr><th>Exception</th></tr><tr><td><div class="stacktrace">java.lang.IllegalArgumentException: No enum constant commons.BrowserList.FIREFOX_UI
	at java.base/java.lang.Enum.valueOf(Enum.java:240)
	at commons.BrowserList.valueOf(BrowserList.java:1)
	at factoryEnvironment.LocalFactory.createDriver(LocalFactory.java:24)
	at commons.BaseTest2.getBrowserDriver(BaseTest2.java:57)
	at com.nopcommerce.admin.search.TC_01_Admin_Search.beforeClass(TC_01_Admin_Search.java:37)
	at java.base/java.util.concurrent.ThreadPoolExecutor.runWorker(ThreadPoolExecutor.java:1128)
	at java.base/java.util.concurrent.ThreadPoolExecutor$Worker.run(ThreadPoolExecutor.java:628)
	at java.base/java.lang.Thread.run(Thread.java:834)
... Removed 11 stack frames</div></td></tr></table><p class="totop"><a href="#summary">back to summary</a></p>
<h3 id="m22">com.nopcommerce.admin.search.TC_01_Admin_Search#TC03_Search_With_Product_Name_Category_Search</h3><table class="result"><tr><th>Exception</th></tr><tr><td><div class="stacktrace">java.lang.IllegalArgumentException: No enum constant commons.BrowserList.FIREFOX_UI
	at java.base/java.lang.Enum.valueOf(Enum.java:240)
	at commons.BrowserList.valueOf(BrowserList.java:1)
	at factoryEnvironment.LocalFactory.createDriver(LocalFactory.java:24)
	at commons.BaseTest2.getBrowserDriver(BaseTest2.java:57)
	at com.nopcommerce.admin.search.TC_01_Admin_Search.beforeClass(TC_01_Admin_Search.java:37)
	at java.base/java.util.concurrent.ThreadPoolExecutor.runWorker(ThreadPoolExecutor.java:1128)
	at java.base/java.util.concurrent.ThreadPoolExecutor$Worker.run(ThreadPoolExecutor.java:628)
	at java.base/java.lang.Thread.run(Thread.java:834)
... Removed 11 stack frames</div></td></tr></table><p class="totop"><a href="#summary">back to summary</a></p>
<h3 id="m23">com.nopcommerce.admin.search.TC_01_Admin_Search#TC04_Search_With_Product_Name_Category_Search</h3><table class="result"><tr><th>Exception</th></tr><tr><td><div class="stacktrace">java.lang.IllegalArgumentException: No enum constant commons.BrowserList.FIREFOX_UI
	at java.base/java.lang.Enum.valueOf(Enum.java:240)
	at commons.BrowserList.valueOf(BrowserList.java:1)
	at factoryEnvironment.LocalFactory.createDriver(LocalFactory.java:24)
	at commons.BaseTest2.getBrowserDriver(BaseTest2.java:57)
	at com.nopcommerce.admin.search.TC_01_Admin_Search.beforeClass(TC_01_Admin_Search.java:37)
	at java.base/java.util.concurrent.ThreadPoolExecutor.runWorker(ThreadPoolExecutor.java:1128)
	at java.base/java.util.concurrent.ThreadPoolExecutor$Worker.run(ThreadPoolExecutor.java:628)
	at java.base/java.lang.Thread.run(Thread.java:834)
... Removed 11 stack frames</div></td></tr></table><p class="totop"><a href="#summary">back to summary</a></p>
<h3 id="m24">com.nopcommerce.admin.search.TC_01_Admin_Search#TC05_Search_With_Product_Name_Manufacturer</h3><table class="result"><tr><th>Exception</th></tr><tr><td><div class="stacktrace">java.lang.IllegalArgumentException: No enum constant commons.BrowserList.FIREFOX_UI
	at java.base/java.lang.Enum.valueOf(Enum.java:240)
	at commons.BrowserList.valueOf(BrowserList.java:1)
	at factoryEnvironment.LocalFactory.createDriver(LocalFactory.java:24)
	at commons.BaseTest2.getBrowserDriver(BaseTest2.java:57)
	at com.nopcommerce.admin.search.TC_01_Admin_Search.beforeClass(TC_01_Admin_Search.java:37)
	at java.base/java.util.concurrent.ThreadPoolExecutor.runWorker(ThreadPoolExecutor.java:1128)
	at java.base/java.util.concurrent.ThreadPoolExecutor$Worker.run(ThreadPoolExecutor.java:628)
	at java.base/java.lang.Thread.run(Thread.java:834)
... Removed 11 stack frames</div></td></tr></table><p class="totop"><a href="#summary">back to summary</a></p>
<h3 id="m25">com.nopcommerce.admin.search.TC_01_Admin_Search#TC06_Search_With_Product_SKU_NAME</h3><table class="result"><tr><th>Exception</th></tr><tr><td><div class="stacktrace">java.lang.IllegalArgumentException: No enum constant commons.BrowserList.FIREFOX_UI
	at java.base/java.lang.Enum.valueOf(Enum.java:240)
	at commons.BrowserList.valueOf(BrowserList.java:1)
	at factoryEnvironment.LocalFactory.createDriver(LocalFactory.java:24)
	at commons.BaseTest2.getBrowserDriver(BaseTest2.java:57)
	at com.nopcommerce.admin.search.TC_01_Admin_Search.beforeClass(TC_01_Admin_Search.java:37)
	at java.base/java.util.concurrent.ThreadPoolExecutor.runWorker(ThreadPoolExecutor.java:1128)
	at java.base/java.util.concurrent.ThreadPoolExecutor$Worker.run(ThreadPoolExecutor.java:628)
	at java.base/java.lang.Thread.run(Thread.java:834)
... Removed 11 stack frames</div></td></tr></table><p class="totop"><a href="#summary">back to summary</a></p>
</body>
</html>
