<?xml version="1.0" encoding="UTF-8"?>
<!-- Generated by org.testng.reporters.JUnitReportReporter -->
<testsuite hostname="Admin" failures="0" tests="14" name="com.nopcommerce.admin.search.TC_01_Admin_Search" time="11.808" errors="2" timestamp="25 Jun 2022 00:55:00 GMT" skipped="11">
  <testcase classname="com.nopcommerce.admin.search.TC_01_Admin_Search" name="TC06_Search_With_Product_SKU_NAME" time="3.635">
    <skipped/>
  </testcase> <!-- TC06_Search_With_Product_SKU_NAME -->
  <testcase classname="com.nopcommerce.admin.search.TC_01_Admin_Search" name="TC06_Search_With_Product_SKU_NAME" time="0.000">
    <skipped/>
  </testcase> <!-- TC06_Search_With_Product_SKU_NAME -->
  <testcase classname="com.nopcommerce.admin.search.TC_01_Admin_Search" name="TC03_Search_With_Product_Name_Category_Search" time="0.000">
    <skipped/>
  </testcase> <!-- TC03_Search_With_Product_Name_Category_Search -->
  <testcase classname="com.nopcommerce.admin.search.TC_01_Admin_Search" name="TC03_Search_With_Product_Name_Category_Search" time="0.000">
    <skipped/>
  </testcase> <!-- TC03_Search_With_Product_Name_Category_Search -->
  <testcase classname="com.nopcommerce.admin.search.TC_01_Admin_Search" name="TC04_Search_With_Product_Name_Category_Search" time="0.000">
    <skipped/>
  </testcase> <!-- TC04_Search_With_Product_Name_Category_Search -->
  <testcase classname="com.nopcommerce.admin.search.TC_01_Admin_Search" name="TC01_Search_With_Product_Name" time="0.000">
    <skipped/>
  </testcase> <!-- TC01_Search_With_Product_Name -->
  <testcase classname="com.nopcommerce.admin.search.TC_01_Admin_Search" name="TC01_Search_With_Product_Name" time="3.936"/>
  <testcase classname="com.nopcommerce.admin.search.TC_01_Admin_Search" name="TC05_Search_With_Product_Name_Manufacturer" time="0.000">
    <skipped/>
  </testcase> <!-- TC05_Search_With_Product_Name_Manufacturer -->
  <testcase classname="com.nopcommerce.admin.search.TC_01_Admin_Search" name="TC05_Search_With_Product_Name_Manufacturer" time="0.000">
    <skipped/>
  </testcase> <!-- TC05_Search_With_Product_Name_Manufacturer -->
  <testcase classname="com.nopcommerce.admin.search.TC_01_Admin_Search" name="TC02_Search_With_Product_Name_Category_Search" time="0.000">
    <skipped/>
  </testcase> <!-- TC02_Search_With_Product_Name_Category_Search -->
  <testcase classname="com.nopcommerce.admin.search.TC_01_Admin_Search" name="navigateToBrowser" time="4.235">
    <error message="stale element reference: element is not attached to the page document
  (Session info: chrome=102.0.5005.115)
For documentation on this error, please visit: https://www.seleniumhq.org/exceptions/stale_element_reference.html
Build info: version: &#039;3.141.59&#039;, revision: &#039;e82be7d358&#039;, time: &#039;2018-11-14T08:17:03&#039;
System info: host: &#039;ADMIN&#039;, ip: &#039;192.168.1.131&#039;, os.name: &#039;Windows 10&#039;, os.arch: &#039;amd64&#039;, os.version: &#039;10.0&#039;, java.version: &#039;11.0.12&#039;
Driver info: org.openqa.selenium.chrome.ChromeDriver
Capabilities {acceptInsecureCerts: false, browserName: chrome, browserVersion: 102.0.5005.115, chrome: {chromedriverVersion: 102.0.5005.61 (0e59bcc00cc4..., userDataDir: C:\Users\Admin\AppData\Loca...}, goog:chromeOptions: {debuggerAddress: localhost:51346}, javascriptEnabled: true, networkConnectionEnabled: false, pageLoadStrategy: normal, platform: WINDOWS, platformName: WINDOWS, proxy: Proxy(), setWindowRect: true, strictFileInteractability: false, timeouts: {implicit: 0, pageLoad: 300000, script: 30000}, unhandledPromptBehavior: dismiss and notify, webauthn:extension:credBlob: true, webauthn:extension:largeBlob: true, webauthn:virtualAuthenticators: true}
Session ID: 51fecf0487d3cb1e41fc15915d974271" type="org.openqa.selenium.StaleElementReferenceException">
      <![CDATA[org.openqa.selenium.StaleElementReferenceException: stale element reference: element is not attached to the page document
  (Session info: chrome=102.0.5005.115)
For documentation on this error, please visit: https://www.seleniumhq.org/exceptions/stale_element_reference.html
Build info: version: '3.141.59', revision: 'e82be7d358', time: '2018-11-14T08:17:03'
System info: host: 'ADMIN', ip: '192.168.1.131', os.name: 'Windows 10', os.arch: 'amd64', os.version: '10.0', java.version: '11.0.12'
Driver info: org.openqa.selenium.chrome.ChromeDriver
Capabilities {acceptInsecureCerts: false, browserName: chrome, browserVersion: 102.0.5005.115, chrome: {chromedriverVersion: 102.0.5005.61 (0e59bcc00cc4..., userDataDir: C:\Users\Admin\AppData\Loca...}, goog:chromeOptions: {debuggerAddress: localhost:51346}, javascriptEnabled: true, networkConnectionEnabled: false, pageLoadStrategy: normal, platform: WINDOWS, platformName: WINDOWS, proxy: Proxy(), setWindowRect: true, strictFileInteractability: false, timeouts: {implicit: 0, pageLoad: 300000, script: 30000}, unhandledPromptBehavior: dismiss and notify, webauthn:extension:credBlob: true, webauthn:extension:largeBlob: true, webauthn:virtualAuthenticators: true}
Session ID: 51fecf0487d3cb1e41fc15915d974271
at java.base/jdk.internal.reflect.NativeConstructorAccessorImpl.newInstance0(Native Method)
at java.base/jdk.internal.reflect.NativeConstructorAccessorImpl.newInstance(NativeConstructorAccessorImpl.java:62)
at java.base/jdk.internal.reflect.DelegatingConstructorAccessorImpl.newInstance(DelegatingConstructorAccessorImpl.java:45)
at java.base/java.lang.reflect.Constructor.newInstance(Constructor.java:490)
at org.openqa.selenium.remote.http.W3CHttpResponseCodec.createException(W3CHttpResponseCodec.java:187)
at org.openqa.selenium.remote.http.W3CHttpResponseCodec.decode(W3CHttpResponseCodec.java:122)
at org.openqa.selenium.remote.http.W3CHttpResponseCodec.decode(W3CHttpResponseCodec.java:49)
at org.openqa.selenium.remote.HttpCommandExecutor.execute(HttpCommandExecutor.java:158)
at org.openqa.selenium.remote.service.DriverCommandExecutor.execute(DriverCommandExecutor.java:83)
at org.openqa.selenium.remote.RemoteWebDriver.execute(RemoteWebDriver.java:552)
at org.openqa.selenium.remote.RemoteWebElement.execute(RemoteWebElement.java:285)
at org.openqa.selenium.remote.RemoteWebElement.click(RemoteWebElement.java:84)
at commons.BasePage.clickToElement(BasePage.java:187)
at commons.BasePage.clickOnNavLinkOnAdmin(BasePage.java:1095)
at com.nopcommerce.admin.search.TC_01_Admin_Search.navigateToBrowser(TC_01_Admin_Search.java:54)
at java.base/jdk.internal.reflect.NativeMethodAccessorImpl.invoke0(Native Method)
at java.base/jdk.internal.reflect.NativeMethodAccessorImpl.invoke(NativeMethodAccessorImpl.java:62)
at java.base/jdk.internal.reflect.DelegatingMethodAccessorImpl.invoke(DelegatingMethodAccessorImpl.java:43)
at java.base/java.lang.reflect.Method.invoke(Method.java:566)
at org.testng.internal.MethodInvocationHelper.invokeMethod(MethodInvocationHelper.java:124)
at org.testng.internal.MethodInvocationHelper.invokeMethodConsideringTimeout(MethodInvocationHelper.java:59)
at org.testng.internal.Invoker.invokeConfigurationMethod(Invoker.java:458)
at org.testng.internal.Invoker.invokeConfigurations(Invoker.java:222)
at org.testng.internal.Invoker.invokeMethod(Invoker.java:523)
at org.testng.internal.Invoker.invokeTestMethod(Invoker.java:719)
at org.testng.internal.Invoker.invokeTestMethods(Invoker.java:989)
at org.testng.internal.TestMethodWorker.invokeTestMethods(TestMethodWorker.java:125)
at org.testng.internal.TestMethodWorker.run(TestMethodWorker.java:109)
at java.base/java.util.concurrent.ThreadPoolExecutor.runWorker(ThreadPoolExecutor.java:1128)
at java.base/java.util.concurrent.ThreadPoolExecutor$Worker.run(ThreadPoolExecutor.java:628)
at java.base/java.lang.Thread.run(Thread.java:834)
]]>
    </error>
  </testcase> <!-- navigateToBrowser -->
  <testcase classname="com.nopcommerce.admin.search.TC_01_Admin_Search" name="TC04_Search_With_Product_Name_Category_Search" time="0.000">
    <skipped/>
  </testcase> <!-- TC04_Search_With_Product_Name_Category_Search -->
  <testcase classname="com.nopcommerce.admin.search.TC_01_Admin_Search" name="beforeClass" time="0.002">
    <error message="No enum constant commons.BrowserList.FIREFOX_UI" type="java.lang.IllegalArgumentException">
      <![CDATA[java.lang.IllegalArgumentException: No enum constant commons.BrowserList.FIREFOX_UI
at java.base/java.lang.Enum.valueOf(Enum.java:240)
at commons.BrowserList.valueOf(BrowserList.java:1)
at factoryEnvironment.LocalFactory.createDriver(LocalFactory.java:24)
at commons.BaseTest2.getBrowserDriver(BaseTest2.java:57)
at com.nopcommerce.admin.search.TC_01_Admin_Search.beforeClass(TC_01_Admin_Search.java:37)
at java.base/jdk.internal.reflect.NativeMethodAccessorImpl.invoke0(Native Method)
at java.base/jdk.internal.reflect.NativeMethodAccessorImpl.invoke(NativeMethodAccessorImpl.java:62)
at java.base/jdk.internal.reflect.DelegatingMethodAccessorImpl.invoke(DelegatingMethodAccessorImpl.java:43)
at java.base/java.lang.reflect.Method.invoke(Method.java:566)
at org.testng.internal.MethodInvocationHelper.invokeMethod(MethodInvocationHelper.java:124)
at org.testng.internal.MethodInvocationHelper.invokeMethodConsideringTimeout(MethodInvocationHelper.java:59)
at org.testng.internal.Invoker.invokeConfigurationMethod(Invoker.java:458)
at org.testng.internal.Invoker.invokeConfigurations(Invoker.java:222)
at org.testng.internal.Invoker.invokeConfigurations(Invoker.java:142)
at org.testng.internal.TestMethodWorker.invokeBeforeClassMethods(TestMethodWorker.java:168)
at org.testng.internal.TestMethodWorker.run(TestMethodWorker.java:105)
at java.base/java.util.concurrent.ThreadPoolExecutor.runWorker(ThreadPoolExecutor.java:1128)
at java.base/java.util.concurrent.ThreadPoolExecutor$Worker.run(ThreadPoolExecutor.java:628)
at java.base/java.lang.Thread.run(Thread.java:834)
]]>
    </error>
  </testcase> <!-- beforeClass -->
  <testcase classname="com.nopcommerce.admin.search.TC_01_Admin_Search" name="TC02_Search_With_Product_Name_Category_Search" time="0.000">
    <skipped/>
  </testcase> <!-- TC02_Search_With_Product_Name_Category_Search -->
</testsuite> <!-- com.nopcommerce.admin.search.TC_01_Admin_Search -->
